Arguments: 
  /usr/bin/node /mnt/c/Users/thiag/AppData/Roaming/npm/node_modules/yarn/bin/yarn.js add uuid

PATH: 
  /usr/local/sbin:/usr/local/bin:/usr/sbin:/usr/bin:/sbin:/bin:/usr/games:/usr/local/games:/mnt/c/Windows/cmder/vendor/conemu-maximus5/ConEmu/Scripts:/mnt/c/Windows/cmder/vendor/conemu-maximus5:/mnt/c/Windows/cmder/vendor/conemu-maximus5/ConEmu:/mnt/c/windows/system32:/mnt/c/windows:/mnt/c/windows/system32/wbem:/mnt/c/windows/system32/windowspowershell/v1.0/:/mnt/c/windows/system32/openssh/:/mnt/c/program files/nvidia corporation/nvidia nvdlisr:/mnt/c/program files/nodejs/:/mnt/c/program files/git/cmd:/mnt/c/windows/system32:/mnt/c/windows:/mnt/c/windows/system32/wbem:/mnt/c/windows/system32/windowspowershell/v1.0/:/mnt/c/windows/system32/openssh/:/mnt/c/programdata/chocolatey/bin:/mnt/c/Program Files (x86)/NVIDIA Corporation/PhysX/Common:/mnt/c/Users/thiag/AppData/Local/Microsoft/WindowsApps:/mnt/c/Users/thiag/AppData/Roaming/npm:/mnt/c/Program Files/heroku/bin:/mnt/c/tools/Cmder:/mnt/c/Users/thiag/AppData/Local/Programs/Microsoft VS Code/bin:/snap/bin

Yarn version: 
  1.22.17

Node version: 
  16.13.0

Platform: 
  linux x64

Trace: 
  Error: Client network socket disconnected before secure TLS connection was established
      at connResetException (node:internal/errors:691:14)
      at TLSSocket.onConnectEnd (node:_tls_wrap:1585:19)
      at TLSSocket.emit (node:events:402:35)
      at endReadableNT (node:internal/streams/readable:1343:12)
      at processTicksAndRejections (node:internal/process/task_queues:83:21)

npm manifest: 
  {
    "name": "typescript-transacao-teste",
    "version": "1.0.0",
    "description": "",
    "main": "index.js",
    "dependencies": {
      "cors": "^2.8.5",
      "dotenv": "^10.0.0",
      "env": "0.0.2",
      "express": "^4.17.1",
      "@types/cors": "^2.8.12"
    },
    "devDependencies": {
      "@types/express": "^4.17.13",
      "@types/node": "^16.11.7",
      "ts-node-dev": "^1.1.8",
      "typescript": "^4.4.4"
    },
    "scripts": {
      "start": "node ./dist/index.js",
      "dev": "ts-node-dev ./src/index.ts",
      "build": "npx tsc",
      "test": "echo \"Error: no test specified\" && exit 1"
    },
    "keywords": [],
    "author": "",
    "license": "ISC"
  }

yarn manifest: 
  No manifest

Lockfile: 
  No lockfile
